<?xml version="1.0" encoding="UTF-8"?>
<!-- Generated by org.testng.reporters.JUnitReportReporter -->
<testsuite skipped="0" hostname="Sayannas-MacBook-Pro.local" name="Runner.TestRunner" tests="1" failures="0" timestamp="2021-05-15T12:13:54 PDT" time="2.148" errors="0">
  <testcase name="feature" time="2.148" classname="Runner.TestRunner"/>
</testsuite> <!-- Runner.TestRunner -->
