<?xml version="1.0" encoding="UTF-8"?>
<!-- Generated by org.testng.reporters.JUnitReportReporter -->
<testsuite skipped="0" hostname="Sayannas-MacBook-Pro.local" name="Runner.TestRunner" tests="1" failures="0" timestamp="2021-04-28T23:14:40 PDT" time="0.025" errors="0">
  <testcase name="feature" time="0.025" classname="Runner.TestRunner"/>
  <system-out/>
</testsuite> <!-- Runner.TestRunner -->
